<?xml version="1.0" encoding="UTF-8"?>
<!-- Generated by org.testng.reporters.JUnitReportReporter -->
<testsuite hostname="Dharshini" failures="0" tests="1" name="productcreation.AddProduct" time="56.607" errors="0" timestamp="2022-03-22T21:08:52 IST" skipped="0">
  <testcase classname="productcreation.AddProduct" name="AddItems" time="56.607"/>
  <system-out/>
</testsuite> <!-- productcreation.AddProduct -->
